# JRE version: OpenJDK Runtime Environment 18.9 (11.0.15+10) (build 11.0.15+10)
# Java VM: OpenJDK 64-Bit Server VM 18.9 (11.0.15+10, mixed mode, tiered, compressed oops, g1 gc, windows-amd64)
Heap:
 garbage-first heap   total 65536K, used 26702K [0x0000000080000000, 0x0000000100000000)
  region size 1024K, 10 young (10240K), 4 survivors (4096K)
 Metaspace       used 35692K, capacity 36528K, committed 36656K, reserved 548864K
  class space    used 4540K, capacity 4870K, committed 4992K, reserved 516096K
GC Heap History (20 events):
Event: 10.083 GC heap before
{Heap before GC invocations=1 (full 0):
 garbage-first heap   total 65536K, used 20210K [0x0000000080000000, 0x0000000100000000)
  region size 1024K, 14 young (14336K), 2 survivors (2048K)
 Metaspace       used 9969K, capacity 10194K, committed 10368K, reserved 526336K
  class space    used 1010K, capacity 1102K, committed 1152K, reserved 516096K
}
Event: 10.173 GC heap after
{Heap after GC invocations=2 (full 0):
 garbage-first heap   total 65536K, used 9497K [0x0000000080000000, 0x0000000100000000)
  region size 1024K, 2 young (2048K), 2 survivors (2048K)
 Metaspace       used 9969K, capacity 10194K, committed 10368K, reserved 526336K
  class space    used 1010K, capacity 1102K, committed 1152K, reserved 516096K
}
Event: 11.084 GC heap before
{Heap before GC invocations=2 (full 0):
 garbage-first heap   total 65536K, used 27929K [0x0000000080000000, 0x0000000100000000)
  region size 1024K, 20 young (20480K), 2 survivors (2048K)
 Metaspace       used 10864K, capacity 11085K, committed 11264K, reserved 526336K
  class space    used 1110K, capacity 1207K, committed 1280K, reserved 516096K
}
Event: 11.088 GC heap after
{Heap after GC invocations=3 (full 0):
 garbage-first heap   total 65536K, used 10010K [0x0000000080000000, 0x0000000100000000)
  region size 1024K, 2 young (2048K), 2 survivors (2048K)
 Metaspace       used 10864K, capacity 11085K, committed 11264K, reserved 526336K
  class space    used 1110K, capacity 1207K, committed 1280K, reserved 516096K
}
Event: 12.283 GC heap before
{Heap before GC invocations=3 (full 0):
 garbage-first heap   total 65536K, used 34586K [0x0000000080000000, 0x0000000100000000)
  region size 1024K, 26 young (26624K), 2 survivors (2048K)
 Metaspace       used 12281K, capacity 12532K, committed 12800K, reserved 528384K
  class space    used 1314K, capacity 1412K, committed 1536K, reserved 516096K
}
Event: 12.292 GC heap after
{Heap after GC invocations=4 (full 0):
 garbage-first heap   total 65536K, used 14912K [0x0000000080000000, 0x0000000100000000)
  region size 1024K, 4 young (4096K), 4 survivors (4096K)
 Metaspace       used 12281K, capacity 12532K, committed 12800K, reserved 528384K
  class space    used 1314K, capacity 1412K, committed 1536K, reserved 516096K
}
Event: 19.768 GC heap before
{Heap before GC invocations=4 (full 0):
 garbage-first heap   total 65536K, used 38464K [0x0000000080000000, 0x0000000100000000)
  region size 1024K, 28 young (28672K), 4 survivors (4096K)
 Metaspace       used 18200K, capacity 18532K, committed 18688K, reserved 532480K
  class space    used 2134K, capacity 2243K, committed 2304K, reserved 516096K
}
Event: 19.785 GC heap after
{Heap after GC invocations=5 (full 0):
 garbage-first heap   total 65536K, used 16685K [0x0000000080000000, 0x0000000100000000)
  region size 1024K, 2 young (2048K), 2 survivors (2048K)
 Metaspace       used 18200K, capacity 18532K, committed 18688K, reserved 532480K
  class space    used 2134K, capacity 2243K, committed 2304K, reserved 516096K
}
Event: 21.073 GC heap before
{Heap before GC invocations=5 (full 0):
 garbage-first heap   total 65536K, used 34093K [0x0000000080000000, 0x0000000100000000)
  region size 1024K, 20 young (20480K), 2 survivors (2048K)
 Metaspace       used 20724K, capacity 21167K, committed 21296K, reserved 536576K
  class space    used 2478K, capacity 2657K, committed 2688K, reserved 516096K
}
Event: 21.079 GC heap after
{Heap after GC invocations=6 (full 0):
 garbage-first heap   total 65536K, used 17212K [0x0000000080000000, 0x0000000100000000)
  region size 1024K, 3 young (3072K), 3 survivors (3072K)
 Metaspace       used 20724K, capacity 21167K, committed 21296K, reserved 536576K
  class space    used 2478K, capacity 2657K, committed 2688K, reserved 516096K
}
Event: 21.649 GC heap before
{Heap before GC invocations=7 (full 0):
 garbage-first heap   total 65536K, used 39740K [0x0000000080000000, 0x0000000100000000)
  region size 1024K, 26 young (26624K), 3 survivors (3072K)
 Metaspace       used 22779K, capacity 23182K, committed 23472K, reserved 536576K
  class space    used 2821K, capacity 2969K, committed 3072K, reserved 516096K
}
Event: 21.657 GC heap after
{Heap after GC invocations=8 (full 0):
 garbage-first heap   total 65536K, used 18049K [0x0000000080000000, 0x0000000100000000)
  region size 1024K, 2 young (2048K), 2 survivors (2048K)
 Metaspace       used 22779K, capacity 23182K, committed 23472K, reserved 536576K
  class space    used 2821K, capacity 2969K, committed 3072K, reserved 516096K
}
Event: 23.517 GC heap before
{Heap before GC invocations=8 (full 0):
 garbage-first heap   total 65536K, used 42625K [0x0000000080000000, 0x0000000100000000)
  region size 1024K, 26 young (26624K), 2 survivors (2048K)
 Metaspace       used 25832K, capacity 26401K, committed 26544K, reserved 540672K
  class space    used 3263K, capacity 3488K, committed 3584K, reserved 516096K
}
Event: 23.524 GC heap after
{Heap after GC invocations=9 (full 0):
 garbage-first heap   total 65536K, used 19132K [0x0000000080000000, 0x0000000100000000)
  region size 1024K, 3 young (3072K), 3 survivors (3072K)
 Metaspace       used 25832K, capacity 26401K, committed 26544K, reserved 540672K
  class space    used 3263K, capacity 3488K, committed 3584K, reserved 516096K
}
Event: 25.897 GC heap before
{Heap before GC invocations=9 (full 0):
 garbage-first heap   total 65536K, used 44732K [0x0000000080000000, 0x0000000100000000)
  region size 1024K, 28 young (28672K), 3 survivors (3072K)
 Metaspace       used 28236K, capacity 28875K, committed 28976K, reserved 542720K
  class space    used 3641K, capacity 3894K, committed 3968K, reserved 516096K
}
Event: 25.909 GC heap after
{Heap after GC invocations=10 (full 0):
 garbage-first heap   total 65536K, used 20109K [0x0000000080000000, 0x0000000100000000)
  region size 1024K, 3 young (3072K), 3 survivors (3072K)
 Metaspace       used 28236K, capacity 28875K, committed 28976K, reserved 542720K
  class space    used 3641K, capacity 3894K, committed 3968K, reserved 516096K
}
Event: 27.250 GC heap before
{Heap before GC invocations=10 (full 0):
 garbage-first heap   total 65536K, used 45709K [0x0000000080000000, 0x0000000100000000)
  region size 1024K, 28 young (28672K), 3 survivors (3072K)
 Metaspace       used 31150K, capacity 31855K, committed 31920K, reserved 544768K
  class space    used 4068K, capacity 4312K, committed 4352K, reserved 516096K
}
Event: 27.256 GC heap after
{Heap after GC invocations=11 (full 0):
 garbage-first heap   total 65536K, used 20753K [0x0000000080000000, 0x0000000100000000)
  region size 1024K, 2 young (2048K), 2 survivors (2048K)
 Metaspace       used 31150K, capacity 31855K, committed 31920K, reserved 544768K
  class space    used 4068K, capacity 4312K, committed 4352K, reserved 516096K
}
Event: 30.281 GC heap before
{Heap before GC invocations=11 (full 0):
 garbage-first heap   total 65536K, used 29969K [0x0000000080000000, 0x0000000100000000)
  region size 1024K, 13 young (13312K), 2 survivors (2048K)
 Metaspace       used 34910K, capacity 35689K, committed 35888K, reserved 548864K
  class space    used 4419K, capacity 4718K, committed 4736K, reserved 516096K
}
Event: 30.291 GC heap after
{Heap after GC invocations=12 (full 0):
 garbage-first heap   total 65536K, used 22606K [0x0000000080000000, 0x0000000100000000)
  region size 1024K, 4 young (4096K), 4 survivors (4096K)
 Metaspace       used 34910K, capacity 35689K, committed 35888K, reserved 548864K
  class space    used 4419K, capacity 4718K, committed 4736K, reserved 516096K
}

