# JRE version: OpenJDK Runtime Environment 18.9 (11.0.15+10) (build 11.0.15+10)
# Java VM: OpenJDK 64-Bit Server VM 18.9 (11.0.15+10, mixed mode, tiered, compressed oops, g1 gc, windows-amd64)
Heap:
 garbage-first heap   total 664576K, used 136633K [0x0000000080000000, 0x0000000100000000)
  region size 1024K, 2 young (2048K), 2 survivors (2048K)
 Metaspace       used 96021K, capacity 98875K, committed 98992K, reserved 602112K
  class space    used 12099K, capacity 13230K, committed 13312K, reserved 516096K
GC Heap History (20 events):
Event: 117.515 GC heap after
{Heap after GC invocations=69 (full 0):
 garbage-first heap   total 136192K, used 105169K [0x0000000080000000, 0x0000000100000000)
  region size 1024K, 2 young (2048K), 2 survivors (2048K)
 Metaspace       used 82171K, capacity 84700K, committed 84912K, reserved 589824K
  class space    used 10472K, capacity 11470K, committed 11520K, reserved 516096K
}
Event: 117.790 GC heap before
{Heap before GC invocations=69 (full 0):
 garbage-first heap   total 136192K, used 112337K [0x0000000080000000, 0x0000000100000000)
  region size 1024K, 10 young (10240K), 2 survivors (2048K)
 Metaspace       used 82171K, capacity 84700K, committed 84912K, reserved 589824K
  class space    used 10472K, capacity 11470K, committed 11520K, reserved 516096K
}
Event: 117.812 GC heap after
{Heap after GC invocations=70 (full 0):
 garbage-first heap   total 136192K, used 108544K [0x0000000080000000, 0x0000000100000000)
  region size 1024K, 2 young (2048K), 2 survivors (2048K)
 Metaspace       used 82171K, capacity 84700K, committed 84912K, reserved 589824K
  class space    used 10472K, capacity 11470K, committed 11520K, reserved 516096K
}
Event: 117.849 GC heap before
{Heap before GC invocations=70 (full 0):
 garbage-first heap   total 136192K, used 114688K [0x0000000080000000, 0x0000000100000000)
  region size 1024K, 8 young (8192K), 2 survivors (2048K)
 Metaspace       used 82171K, capacity 84700K, committed 84912K, reserved 589824K
  class space    used 10472K, capacity 11470K, committed 11520K, reserved 516096K
}
Event: 117.865 GC heap after
{Heap after GC invocations=71 (full 0):
 garbage-first heap   total 218112K, used 113871K [0x0000000080000000, 0x0000000100000000)
  region size 1024K, 1 young (1024K), 1 survivors (1024K)
 Metaspace       used 82171K, capacity 84700K, committed 84912K, reserved 589824K
  class space    used 10472K, capacity 11470K, committed 11520K, reserved 516096K
}
Event: 118.510 GC heap before
{Heap before GC invocations=72 (full 0):
 garbage-first heap   total 218112K, used 146639K [0x0000000080000000, 0x0000000100000000)
  region size 1024K, 33 young (33792K), 1 survivors (1024K)
 Metaspace       used 82181K, capacity 84765K, committed 84912K, reserved 589824K
  class space    used 10472K, capacity 11470K, committed 11520K, reserved 516096K
}
Event: 118.608 GC heap after
{Heap after GC invocations=73 (full 0):
 garbage-first heap   total 218112K, used 125952K [0x0000000080000000, 0x0000000100000000)
  region size 1024K, 5 young (5120K), 5 survivors (5120K)
 Metaspace       used 82181K, capacity 84765K, committed 84912K, reserved 589824K
  class space    used 10472K, capacity 11470K, committed 11520K, reserved 516096K
}
Event: 118.675 GC heap before
{Heap before GC invocations=73 (full 0):
 garbage-first heap   total 218112K, used 130048K [0x0000000080000000, 0x0000000100000000)
  region size 1024K, 10 young (10240K), 5 survivors (5120K)
 Metaspace       used 82181K, capacity 84765K, committed 84912K, reserved 589824K
  class space    used 10472K, capacity 11470K, committed 11520K, reserved 516096K
}
Event: 118.689 GC heap after
{Heap after GC invocations=74 (full 0):
 garbage-first heap   total 218112K, used 124928K [0x0000000080000000, 0x0000000100000000)
  region size 1024K, 2 young (2048K), 2 survivors (2048K)
 Metaspace       used 82181K, capacity 84765K, committed 84912K, reserved 589824K
  class space    used 10472K, capacity 11470K, committed 11520K, reserved 516096K
}
Event: 119.084 GC heap before
{Heap before GC invocations=74 (full 0):
 garbage-first heap   total 218112K, used 135168K [0x0000000080000000, 0x0000000100000000)
  region size 1024K, 14 young (14336K), 2 survivors (2048K)
 Metaspace       used 82223K, capacity 84775K, committed 84912K, reserved 589824K
  class space    used 10479K, capacity 11473K, committed 11520K, reserved 516096K
}
Event: 119.124 GC heap after
{Heap after GC invocations=75 (full 0):
 garbage-first heap   total 218112K, used 130048K [0x0000000080000000, 0x0000000100000000)
  region size 1024K, 5 young (5120K), 5 survivors (5120K)
 Metaspace       used 82223K, capacity 84775K, committed 84912K, reserved 589824K
  class space    used 10479K, capacity 11473K, committed 11520K, reserved 516096K
}
Event: 121.505 GC heap before
{Heap before GC invocations=76 (full 0):
 garbage-first heap   total 218112K, used 153600K [0x0000000080000000, 0x0000000100000000)
  region size 1024K, 34 young (34816K), 5 survivors (5120K)
 Metaspace       used 82753K, capacity 85361K, committed 85552K, reserved 591872K
  class space    used 10535K, capacity 11557K, committed 11648K, reserved 516096K
}
Event: 121.630 GC heap after
{Heap after GC invocations=77 (full 0):
 garbage-first heap   total 368640K, used 132258K [0x0000000080000000, 0x0000000100000000)
  region size 1024K, 5 young (5120K), 5 survivors (5120K)
 Metaspace       used 82753K, capacity 85361K, committed 85552K, reserved 591872K
  class space    used 10535K, capacity 11557K, committed 11648K, reserved 516096K
}
Event: 122.593 GC heap before
{Heap before GC invocations=77 (full 0):
 garbage-first heap   total 368640K, used 144546K [0x0000000080000000, 0x0000000100000000)
  region size 1024K, 18 young (18432K), 5 survivors (5120K)
 Metaspace       used 82874K, capacity 85502K, committed 85808K, reserved 591872K
  class space    used 10541K, capacity 11558K, committed 11648K, reserved 516096K
}
Event: 122.641 GC heap after
{Heap after GC invocations=78 (full 0):
 garbage-first heap   total 368640K, used 117327K [0x0000000080000000, 0x0000000100000000)
  region size 1024K, 1 young (1024K), 1 survivors (1024K)
 Metaspace       used 82874K, capacity 85502K, committed 85808K, reserved 591872K
  class space    used 10541K, capacity 11558K, committed 11648K, reserved 516096K
}
Event: 126.183 GC heap before
{Heap before GC invocations=78 (full 0):
 garbage-first heap   total 368640K, used 170575K [0x0000000080000000, 0x0000000100000000)
  region size 1024K, 49 young (50176K), 1 survivors (1024K)
 Metaspace       used 85942K, capacity 88770K, committed 89008K, reserved 593920K
  class space    used 10930K, capacity 12005K, committed 12032K, reserved 516096K
}
Event: 126.221 GC heap after
{Heap after GC invocations=79 (full 0):
 garbage-first heap   total 368640K, used 129722K [0x0000000080000000, 0x0000000100000000)
  region size 1024K, 7 young (7168K), 7 survivors (7168K)
 Metaspace       used 85942K, capacity 88770K, committed 89008K, reserved 593920K
  class space    used 10930K, capacity 12005K, committed 12032K, reserved 516096K
}
Event: 128.376 GC heap before
{Heap before GC invocations=79 (full 0):
 garbage-first heap   total 368640K, used 189114K [0x0000000080000000, 0x0000000100000000)
  region size 1024K, 66 young (67584K), 7 survivors (7168K)
 Metaspace       used 93910K, capacity 96721K, committed 96816K, reserved 600064K
  class space    used 11819K, capacity 12923K, committed 12928K, reserved 516096K
}
Event: 128.427 GC heap after
{Heap after GC invocations=80 (full 0):
 garbage-first heap   total 368640K, used 134674K [0x0000000080000000, 0x0000000100000000)
  region size 1024K, 5 young (5120K), 5 survivors (5120K)
 Metaspace       used 93910K, capacity 96721K, committed 96816K, reserved 600064K
  class space    used 11819K, capacity 12923K, committed 12928K, reserved 516096K
}
Event: 129.748 GC heap before
{Heap before GC invocations=80 (full 0):
 garbage-first heap   total 368640K, used 171538K [0x0000000080000000, 0x0000000100000000)
  region size 1024K, 41 young (41984K), 5 survivors (5120K)
 Metaspace       used 96021K, capacity 98875K, committed 98992K, reserved 602112K
  class space    used 12099K, capacity 13230K, committed 13312K, reserved 516096K
}

